------- unpacking binary -------
extracting unpacked region 0x0000000000800000 (   53.7kB) wx entry 0x000000000080d465
extracting unpacked region 0x0000000000800000 (   55.3kB) wx entry 0x000000000080d6d0
extracting unpacked region 0x0000000000400000 (  118.6kB) wx entry 0x000000000040000c
******* Memory access clusters *******
0x0000000000400000 (  118.6kB) wx: ================================================================================
0x0000000000800000 (   55.3kB) wx: =====================================
0x000000000061de00 (    4.5kB) w-: ===
0x00007ffd1bed9090 (    3.8kB) w-: ==
0x00007f09b78e12a0 (    3.3kB) w-: ==
0x00007f09b84453f0 (    3.0kB) w-: ==
0x00007f09b75c36a8 (    2.6kB) w-: =
0x00007f09b818c6f8 (    2.3kB) w-: =
0x00007f09b818bb20 (    2.1kB) w-: =
0x0000000001b72088 (    1.7kB) w-: =
0x00007ffd1bed6f54 (    1.4kB) w-: 
0x00007f09b8445008 (     944B) w-: 
0x00007f09b818ad80 (     624B) w-: 
0x00007f09b81889d8 (     600B) w-: 
0x00007f09b78e1008 (     592B) w-: 
0x00007f09b8190580 (     436B) w-: 
0x00007f09b78e0bb0 (     416B) w-: 
0x0000000001b71518 (     412B) w-: 
0x0000000001b70628 (     412B) w-: 
0x00007f09b8188138 (     408B) w-: 
0x0000000001b71380 (     404B) w-: 
0x0000000001b70490 (     404B) w-: 
0x00007f09b8187fa0 (     400B) w-: 
0x0000000001b76e88 (     368B) w-: 
0x00007f09b81877c0 (     328B) w-: 
0x00007f09b8188800 (     328B) w-: 
0x0000000001b71820 (     308B) w-: 
0x0000000001b70930 (     308B) w-: 
0x00007f09b8187d60 (     304B) w-: 
0x0000000001b71df8 (     289B) w-: 
0x00007f09b7b29a38 (     288B) w-: 
0x00007f09b7d9fef8 (     256B) w-: 
0x00007f09b8188e68 (     248B) w-: 
0x00007f09b8188c48 (     248B) w-: 
0x00007f09b7b29c90 (     240B) w-: 
0x00007f09b7b24008 (     232B) w-: 
0x00007f09b8446480 (     232B) w-: 
0x00007ffd1bed6e28 (     220B) w-: 
0x00007f09b7da0030 (     216B) w-: 
0x0000000001b70008 (     196B) w-: 
0x00007f09b8189b98 (     176B) w-: 
0x00007f09b818c458 (     176B) w-: 
0x0000000001b71230 (     172B) w-: 
0x00007f09b75d95e0 (     168B) w-: 
0x00007f09b7b294c8 (     166B) w-: 
0x0000000001b710e8 (     164B) w-: 
0x0000000001b701e8 (     164B) w-: 
0x00007f09b8187ad8 (     160B) w-: 
0x00007f09b818a6f0 (     152B) w-: 
0x00007f09b8189df0 (     152B) w-: 
0x00007f09b8189eb0 (     152B) w-: 
0x00007f09b8189f70 (     152B) w-: 
0x00007f09b818a030 (     152B) w-: 
0x00007f09b818a0f0 (     152B) w-: 
0x00007f09b818a1b0 (     152B) w-: 
0x00007f09b818a270 (     152B) w-: 
0x00007f09b818a330 (     152B) w-: 
0x00007f09b818a3f0 (     152B) w-: 
0x00007f09b818a4b0 (     152B) w-: 
0x00007f09b818a570 (     152B) w-: 
0x00007f09b818a630 (     152B) w-: 
0x00007f09b818a7b0 (     152B) w-: 
0x00007f09b818a970 (     152B) w-: 
0x00007ffd1bed8ff8 (     148B) w-: 
0x0000000001b71f78 (     146B) w-: 
0x00007f09b75d92d0 (     144B) w-: 
0x00007f09b7b29b88 (     144B) w-: 
0x0000000001b70330 (     144B) w-: 
0x0000000001b700d0 (     140B) w-: 
0x00007f09b8189d30 (     136B) w-: 
0x00007f09b8189c70 (     136B) w-: 
0x00007f09b81885e0 (     136B) w-: 
0x00007f09b8444f78 (     128B) w-: 
0x0000000001b773e8 (     128B) w-: 
0x00007f09b8188950 (     128B) w-: 
0x0000000001b71cb0 (     128B) w-: 
0x0000000001b70dc0 (     128B) w-: 
0x00007f09b818b008 (     124B) w-: 
0x0000000001b76be8 (     114B) w-: 
0x00007f09b78e0f80 (     112B) w-: 
0x00007f09b7b29048 (     112B) w-: 
0x00007f09b8187c20 (     112B) w-: 
0x00007f09b7b295b8 (     112B) w-: 
0x0000000001b70ff0 (     108B) w-: 
0x00007f09b7b23f98 (     104B) w-: 
0x0000000001b71748 (     100B) w-: 
0x0000000001b716b8 (     100B) w-: 
0x0000000001b707c8 (     100B) w-: 
0x00007ffd1bed8f38 (     100B) w-: 
0x0000000001b70858 (     100B) w-: 
0x00007ffd1bed74e8 (      98B) w-: 
0x00007f09b84c1530 (      96B) w-: 
0x00007f09b84c14c8 (      96B) w-: 
0x00007f09b89fcbf8 (      96B) w-: 
0x0000000001b71ab0 (      92B) w-: 
0x0000000001b70bc0 (      92B) w-: 
0x00007f09b89fcb98 (      91B) w-: 
0x00007ffd1bed6d38 (      88B) w-: 
0x0000000001b76cc8 (      85B) w-: 
0x0000000001b71b68 (      84B) w-: 
0x0000000001b70c78 (      84B) w-: 
0x0000000001b70f78 (      84B) w-: 
0x0000000001b70190 (      84B) w-: 
0x0000000001b71090 (      84B) w-: 
0x00007f09b75d93e8 (      80B) w-: 
0x00007f09b89fbf68 (      80B) w-: 
0x00007f09b8187a80 (      80B) w-: 
0x00007f09b84c1068 (      80B) w-: 
0x00007f09b8189540 (      80B) w-: 
0x00007f09b89fb9b8 (      80B) w-: 
0x00007f09b8189880 (      80B) w-: 
0x00007f09b8189820 (      80B) w-: 
0x00007f09b89fadb8 (      80B) w-: 
0x00007f09b89fabe0 (      80B) w-: 
0x00007f09b84c1a38 (      80B) w-: 
0x00007f09b89fba28 (      80B) w-: 
0x0000000001b70af0 (      76B) w-: 
0x0000000001b717b0 (      76B) w-: 
0x0000000001b708c0 (      76B) w-: 
0x0000000001b719e0 (      76B) w-: 
0x0000000001b70cf0 (      76B) w-: 
0x0000000001b71be0 (      76B) w-: 
0x0000000001b70f28 (      72B) w-: 
0x00007f09b84c18f0 (      72B) w-: 
0x00007f09b84c1408 (      72B) w-: 
0x00007f09b89fc1d0 (      72B) w-: 
0x00007f09b818b5c0 (      72B) w-: 
0x00007f09b84c1988 (      67B) w-: 
0x00007f09b89fc700 (      64B) w-: 
0x00007f09b84c19d0 (      64B) w-: 
0x00007f09b81882d8 (      64B) w-: 
0x00007f09b8444cf8 (      64B) w-: 
0x00007f09b818b1c0 (      64B) w-: 
0x00007f09b89fbfc0 (      64B) w-: 
0x00007f09b818c628 (      64B) w-: 
0x00007f09b818c548 (      64B) w-: 
0x00007f09b7b29000 (      64B) w-: 
0x00007f09b818c410 (      64B) w-: 
0x00007f09b818c3a0 (      64B) w-: 
0x00007f09b84c1000 (      64B) w-: 
0x00007f09b84c17c0 (      63B) w-: 
0x00007f09b84c1ca8 (      63B) w-: 
0x00007f09b84c12d8 (      63B) w-: 
0x00007f09b7b29848 (      63B) w-: 
0x00007f09b7b292d8 (      63B) w-: 
0x00007f09b89fc9d8 (      61B) w-: 
0x00007f09b89fc440 (      61B) w-: 
0x00007f09b89fcc70 (      56B) w-: 
0x00007f09b8189088 (      56B) w-: 
0x00007f09b89fccc0 (      56B) w-: 
0x00007f09b89fcd10 (      56B) w-: 
0x00007f09b75d9268 (      56B) w-: 
0x00007f09b8189920 (      56B) w-: 
0x00007f09b81883c0 (      56B) w-: 
0x000000000061f14f (      55B) w-: 
0x00007f09b84c1490 (      54B) w-: 
0x00007f09b7b29a00 (      54B) w-: 
0x00007f09b89fbcb8 (      53B) w-: 
0x0000000001b71b30 (      52B) w-: 
0x0000000001b70c40 (      52B) w-: 
0x00007ffd1bed6f08 (      52B) w-: 
0x00007ffd1bed6dc8 (      52B) w-: 
0x0000000001b7ece8 (      50B) w-: 
0x0000000001b7ed68 (      50B) w-: 
0x0000000001b7ec88 (      50B) w-: 
0x00007f09b8189b60 (      48B) w-: 
0x00007f09b8187958 (      48B) w-: 
0x00007f09b8187920 (      48B) w-: 
0x00007f09b818e808 (      48B) w-: 
0x00007f09b818d760 (      48B) w-: 
0x00007f09b81898e0 (      48B) w-: 
0x00007f09b81897e0 (      48B) w-: 
0x00007f09b8188478 (      48B) w-: 
0x00007f09b89fad08 (      48B) w-: 
0x00007f09b84c1d00 (      48B) w-: 
0x00007f09b7b298a0 (      48B) w-: 
0x00007f09b81897a0 (      48B) w-: 
0x00007f09b8189760 (      48B) w-: 
0x00007f09b8189720 (      48B) w-: 
0x00007f09b7b29330 (      48B) w-: 
0x00007f09b81896e0 (      48B) w-: 
0x00007f09b84c1818 (      48B) w-: 
0x00007f09b8189620 (      48B) w-: 
0x00007f09b81895e0 (      48B) w-: 
0x00007f09b84c1330 (      48B) w-: 
0x00007f09b81895a0 (      48B) w-: 
0x00007f09b8188440 (      48B) w-: 
0x00007f09b8189500 (      48B) w-: 
0x00007f09b8189480 (      48B) w-: 
0x00007f09b7d9fce0 (      48B) w-: 
0x0000000001b76daa (      46B) w-: 
0x00007ffd1bed6d98 (      44B) w-: 
0x00007ffd1bed8fa0 (      44B) w-: 
0x0000000001b71a60 (      44B) w-: 
0x0000000001b70b70 (      44B) w-: 
0x0000000001b76c92 (      43B) w-: 
0x0000000001b71f28 (      42B) w-: 
0x00007f09b8189440 (      40B) w-: 
0x00007f09b8189400 (      40B) w-: 
0x0000000001b777f8 (      40B) w-: 
0x00007f09b8187ce0 (      40B) w-: 
0x00007f09b8189660 (      40B) w-: 
0x00007f09b81896a0 (      40B) w-: 
0x00007f09b78e1260 (      40B) w-: 
0x00007f09b8188500 (      40B) w-: 
0x00007f09b89fc160 (      40B) w-: 
0x00007f09b7da0000 (      40B) w-: 
0x00007f09b84c1ad0 (      40B) w-: 
0x00007f09b8444d40 (      40B) w-: 
0x0000000001b76d80 (      40B) w-: 
0x00007f09b75d9690 (      40B) w-: 
0x00007f09b89fca40 (      40B) w-: 
0x00007f09b7b296c0 (      40B) w-: 
0x000000000061f1b0 (      40B) w-: 
0x00007f09b89fcd60 (      38B) w-: 
0x0000000001b711e0 (      36B) w-: 
0x0000000001b702e0 (      36B) w-: 
0x0000000001b71c68 (      36B) w-: 
0x0000000001b70d78 (      36B) w-: 
0x0000000001b71998 (      36B) w-: 
0x0000000001b70aa8 (      36B) w-: 
0x0000000001b70448 (      36B) w-: 
0x0000000001b71338 (      36B) w-: 
0x0000000001b703c8 (      36B) w-: 
0x00007f09b84c1e70 (      35B) w-: 
0x00007f09b84c1e98 (      33B) w-: 
0x00007f09b7b294a0 (      33B) w-: 
0x00007f09b89fb018 (      32B) w-: 
0x00007f09b818a8f8 (      32B) w-: 
0x00007f09b818ab80 (      32B) w-: 
0x00007f09b7d9fc70 (      32B) w-: 
0x00007f09b89fc0c0 (      32B) w-: 
0x00007f09b8187bd0 (      32B) w-: 
0x00007f09b7d9fc00 (      32B) w-: 
0x00007f09b84c1638 (      32B) w-: 
0x00007f09b89fc270 (      32B) w-: 
0x00007f09b7b29150 (      32B) w-: 
0x00007f09b7b23d60 (      32B) w-: 
0x00007f09b7b29108 (      32B) w-: 
0x00007f09b89fc4a8 (      32B) w-: 
0x00007f09b7b29590 (      32B) w-: 
0x00007f09b89fc5c0 (      32B) w-: 
0x00007f09b7b29678 (      32B) w-: 
0x00007f09b84c1108 (      32B) w-: 
0x00007f09b81902e8 (      28B) w-: 
0x0000000001b70ba0 (      28B) w-: 
0x0000000001b70c20 (      28B) w-: 
0x0000000001b70cd0 (      28B) w-: 
0x0000000001b70d40 (      28B) w-: 
0x0000000001b70da0 (      28B) w-: 
0x0000000001b71b10 (      28B) w-: 
0x0000000001b70fd0 (      28B) w-: 
0x0000000001b71060 (      28B) w-: 
0x0000000001b70b40 (      28B) w-: 
0x0000000001b70ad0 (      28B) w-: 
0x00007f09b84c1298 (      28B) w-: 
0x0000000001b70910 (      28B) w-: 
0x00007f09b89faca4 (      28B) w-: 
0x00007f09b7b29808 (      28B) w-: 
0x000000000061f018 (      28B) w-: 
0x0000000001b71a90 (      28B) w-: 
0x0000000001b70830 (      28B) w-: 
0x0000000001b712e0 (      28B) w-: 
0x0000000001b71300 (      28B) w-: 
0x00007f09b89fbf48 (      28B) w-: 
0x0000000001b71bc0 (      28B) w-: 
0x0000000001b70160 (      28B) w-: 
0x0000000001b70470 (      28B) w-: 
0x00007f09b84c1780 (      28B) w-: 
0x0000000001b71360 (      28B) w-: 
0x0000000001b71720 (      28B) w-: 
0x0000000001b70410 (      28B) w-: 
0x0000000001b71800 (      28B) w-: 
0x0000000001b703f0 (      28B) w-: 
0x00007f09b84c1c68 (      28B) w-: 
0x0000000001b71c90 (      28B) w-: 
0x00007f09b7b29298 (      28B) w-: 
0x0000000001b71c30 (      28B) w-: 
0x0000000001b71a30 (      28B) w-: 
0x0000000001b719c0 (      28B) w-: 
0x00007f09b89fc400 (      26B) w-: 
0x0000000001b7ec20 (      25B) w-: 
0x0000000001b76b98 (      25B) w-: 
0x000000000061f0e0 (      25B) w-: 
0x00007f09b84c1940 (      24B) w-: 
0x00007f09b818b620 (      24B) w-: 
0x000000000061f190 (      24B) w-: 
0x00007f09b89fac60 (      24B) w-: 
0x00007f09b818bb00 (      24B) w-: 
0x00007f09b78e5370 (      24B) w-: 
0x00007f09b818a878 (      24B) w-: 
0x00007f09b84c1860 (      24B) w-: 
0x00007f09b89fc0a0 (      24B) w-: 
0x00007f09b78e0b78 (      24B) w-: 
0x00007f09b84c1d48 (      24B) w-: 
0x00007f09b84c1d68 (      24B) w-: 
0x00007f09b89fc190 (      24B) w-: 
0x00007f09b7b299c8 (      24B) w-: 
0x00007f09b89fc1b0 (      24B) w-: 
0x00007f09b84c1458 (      24B) w-: 
0x00007f09b7b298e8 (      24B) w-: 
0x00007f09b84c1e28 (      24B) w-: 
0x00007f09b8189a60 (      24B) w-: 
0x00007f09b84c1398 (      24B) w-: 
0x00007f09b84c1378 (      24B) w-: 
0x00007f09b8189a00 (      24B) w-: 
0x00007f09b818dec0 (      24B) w-: 
0x00007f09b89fc4e0 (      24B) w-: 
0x00007f09b89fad98 (      24B) w-: 
0x00007f09b89fae30 (      24B) w-: 
0x00007f09b89fc760 (      24B) w-: 
0x00007f09b8188720 (      24B) w-: 
0x00007f09b89fb998 (      24B) w-: 
0x00007f09b7b29378 (      24B) w-: 
0x00007f09b89fbd18 (      24B) w-: 
0x00007f09b84c1048 (      24B) w-: 
0x00007f09b7b29570 (      24B) w-: 
0x00007f09b89fca78 (      24B) w-: 
0x00007f09b8187f20 (      24B) w-: 
0x00007f09b8187a30 (      24B) w-: 
0x00007f09b7b29458 (      24B) w-: 
0x00007f09b8187a50 (      24B) w-: 
0x0000000001b76d62 (      23B) w-: 
0x0000000001b7ed28 (      23B) w-: 
0x0000000001b7ec68 (      21B) w-: 
0x0000000001b7ed48 (      21B) w-: 
0x00007f09b75d93d0 (      20B) w-: 
0x00007f09b75d9100 (      20B) w-: 
0x0000000001b70e48 (      20B) w-: 
0x0000000001b70e68 (      20B) w-: 
0x0000000001b70e88 (      20B) w-: 
0x0000000001b70ea8 (      20B) w-: 
0x0000000001b70ec8 (      20B) w-: 
0x00007f09b75d93a0 (      20B) w-: 
0x0000000001b70ee8 (      20B) w-: 
0x00007f09b75d9478 (      20B) w-: 
0x0000000001b70f08 (      20B) w-: 
0x00007f09b75d9238 (      20B) w-: 
0x0000000001b7ecc8 (      20B) w-: 
0x00007f09b89fad48 (      20B) w-: 
0x00007f09b75d9220 (      20B) w-: 
0x00007f09b75d9490 (      20B) w-: 
0x00007f09b75d94a8 (      20B) w-: 
0x00007f09b89facc8 (      20B) w-: 
0x00007f09b75d9250 (      20B) w-: 
0x00007f09b75d93b8 (      20B) w-: 
0x00007f09b75d9508 (      20B) w-: 
0x00007f09b75d9520 (      20B) w-: 
0x00007f09b75d9208 (      20B) w-: 
0x00007f09b75d9538 (      20B) w-: 
0x00007f09b75d91f0 (      20B) w-: 
0x00007f09b75d9550 (      20B) w-: 
0x00007f09b75d9040 (      20B) w-: 
0x00007f09b75d95c8 (      20B) w-: 
0x00007f09b75d91d8 (      20B) w-: 
0x00007f09b75d9058 (      20B) w-: 
0x00007f09b75d95b0 (      20B) w-: 
0x00007f09b75d91c0 (      20B) w-: 
0x00007f09b75d91a8 (      20B) w-: 
0x00007f09b75d9070 (      20B) w-: 
0x00007f09b89fc148 (      20B) w-: 
0x00007f09b75d9190 (      20B) w-: 
0x00007f09b75d9088 (      20B) w-: 
0x00007f09b75d9598 (      20B) w-: 
0x0000000001b71dd8 (      20B) w-: 
0x00007f09b75d9568 (      20B) w-: 
0x0000000001b71db8 (      20B) w-: 
0x0000000001b71d98 (      20B) w-: 
0x00007f09b75d9580 (      20B) w-: 
0x00007f09b75d9178 (      20B) w-: 
0x00007f09b75d9160 (      20B) w-: 
0x0000000001b71d78 (      20B) w-: 
0x0000000001b71d58 (      20B) w-: 
0x0000000001b71d38 (      20B) w-: 
0x00007f09b75d9148 (      20B) w-: 
0x00007f09b75d90a0 (      20B) w-: 
0x00007f09b75d90b8 (      20B) w-: 
0x000000000061f100 (      20B) w-: 
0x00007f09b75d9130 (      20B) w-: 
0x00007f09b75d9118 (      20B) w-: 
0x00007f09b89fae68 (      20B) w-: 
0x00007f09b75d90e8 (      20B) w-: 
0x00007f09b75d90d0 (      20B) w-: 
0x0000000001b71f58 (      18B) w-: 
0x0000000001b76d50 (      17B) w-: 
0x0000000001b76d38 (      17B) w-: 
0x0000000001b76d20 (      17B) w-: 
0x000000000061f0c8 (      17B) w-: 
0x00007f09b818b550 (      16B) w-: 
0x00007f09b818b518 (      16B) w-: 
0x0000000001b71c50 (      16B) w-: 
0x00007f09b84c1880 (      16B) w-: 
0x00007f09b81887c8 (      16B) w-: 
0x00007f09b818b4e0 (      16B) w-: 
0x00007f09b818b4a8 (      16B) w-: 
0x00007f09b818b470 (      16B) w-: 
0x00007f09b818b438 (      16B) w-: 
0x00007f09b818b400 (      16B) w-: 
0x00007f09b818b3c8 (      16B) w-: 
0x00007f09b818b390 (      16B) w-: 
0x00007f09b818b358 (      16B) w-: 
0x00007f09b818b320 (      16B) w-: 
0x00007f09b7d9fc58 (      16B) w-: 
0x00007f09b89fc020 (      16B) w-: 
0x00007f09b8188788 (      16B) w-: 
0x00007f09b7d9fbe8 (      16B) w-: 
0x00007f09b89fc040 (      16B) w-: 
0x00007f09b8188768 (      16B) w-: 
0x00007f09b818c5c8 (      16B) w-: 
0x00007f09b8188748 (      16B) w-: 
0x00007f09b818b588 (      16B) w-: 
0x00007f09b7b29398 (      16B) w-: 
0x00007f09b818c6a8 (      16B) w-: 
0x00007f09b78e0b98 (      16B) w-: 
0x00007f09b7b29978 (      16B) w-: 
0x00007f09b89fc860 (      16B) w-: 
0x00007f09b8188580 (      16B) w-: 
0x00007f09b84c1dd8 (      16B) w-: 
0x00007f09b89fc790 (      16B) w-: 
0x00007f09b89fc998 (      16B) w-: 
0x00007f09b7b29908 (      16B) w-: 
0x00007f09b8189220 (      16B) w-: 
0x00007f09b89fc248 (      16B) w-: 
0x0000000001b76bc8 (      16B) w-: 
0x00007f09b89fc2b8 (      16B) w-: 
0x00007f09b78e52d0 (      16B) w-: 
0x00007f09b81892c0 (      16B) w-: 
0x00007f09b8189ac0 (      16B) w-: 
0x00007f09b8189aa0 (      16B) w-: 
0x00007f09b8189a80 (      16B) w-: 
0x00007f09b7d9fcc8 (      16B) w-: 
0x00007f09b8189a40 (      16B) w-: 
0x00007f09b8189a20 (      16B) w-: 
0x00007f09b89fbe30 (      16B) w-: 
0x00007f09b81899e0 (      16B) w-: 
0x00007f09b81899c0 (      16B) w-: 
0x00007f09b81899a0 (      16B) w-: 
0x00007f09b8189980 (      16B) w-: 
0x00007f09b8189960 (      16B) w-: 
0x00007f09b84c1150 (      16B) w-: 
0x00007f09b818b648 (      16B) w-: 
0x00007f09b89faff0 (      16B) w-: 
0x00007f09b89fc570 (      16B) w-: 
0x00007f09b89fb948 (      16B) w-: 
0x00007f09b89fbde0 (      16B) w-: 
0x0000000001b70d60 (      16B) w-: 
0x00007f09b81887a8 (      16B) w-: 
0x00007f09b8446460 (      16B) w-: 
0x00007f09b84c1b20 (      16B) w-: 
0x00007f09b7b29408 (      16B) w-: 
0x00007f09b81879e0 (      16B) w-: 
0x00007f09b89fbb38 (      16B) w-: 
0x00007f09b89fbc70 (      16B) w-: 
0x0000000001b7ec48 (      15B) w-: 
0x000000000061f140 (      14B) w-: 
0x0000000001b76c72 (      14B) w-: 
0x00007f09b84c1e60 (      13B) w-: 
0x00007f09b89fac80 (      12B) w-: 
0x00007f09b89fc420 (      12B) w-: 
0x0000000001b71208 (      12B) w-: 
0x00007f09b75d9390 (      12B) w-: 
0x0000000001b71218 (      12B) w-: 
0x00007ffd1bed6e14 (      12B) w-: 
0x00007f09b84c1dc8 (      12B) w-: 
0x00007f09b89fae20 (      12B) w-: 
0x0000000001b71970 (      12B) w-: 
0x00007f09b818c688 (      12B) w-: 
0x00007f09b84c18e0 (      12B) w-: 
0x00007f09b818c384 (      12B) w-: 
0x00007f09b818c5a8 (      12B) w-: 
0x00007f09b818c618 (      12B) w-: 
0x00007f09b7b29c48 (      12B) w-: 
0x00007f09b7b29968 (      12B) w-: 
0x00007f09b7b29944 (      12B) w-: 
0x00007f09b818d750 (      12B) w-: 
0x0000000001b70a80 (      12B) w-: 
0x00007f09b89fc9b8 (      12B) w-: 
0x00007f09b84c13f8 (      12B) w-: 
0x00007f09b89fc560 (      12B) w-: 
0x00007f09b75d9030 (      12B) w-: 
0x00007f09b818deb0 (      12B) w-: 
0x0000000001b702b8 (      12B) w-: 
0x00007f09b75d94f8 (      12B) w-: 
0x00007f09b89fb040 (      12B) w-: 
0x0000000001b70308 (      12B) w-: 
0x00007f09b81903a8 (      12B) w-: 
0x00007f09b7b293f8 (      12B) w-: 
0x0000000001b70318 (      12B) w-: 
0x00007f09b75d9468 (      12B) w-: 
0x00007f09b89fbdd0 (      12B) w-: 
0x00007f09b7b29490 (      11B) w-: 
0x00007f09b84c1978 (      10B) w-: 
0x00007f09b75c4120 (       9B) w-: 
0x00007f09b75c4130 (       9B) w-: 
0x00007f09b8188380 (       8B) w-: 
0x00007f09b7b293b8 (       8B) w-: 
0x00007f09b818b450 (       8B) w-: 
0x00007f09b818b418 (       8B) w-: 
0x00007f09b818b488 (       8B) w-: 
0x00007f09b818b3e0 (       8B) w-: 
0x000000000061f210 (       8B) w-: 
0x00007f09b818b4c0 (       8B) w-: 
0x00007ffd1bed6f40 (       8B) w-: 
0x00007f09b818b3a8 (       8B) w-: 
0x00007f09b818b4f8 (       8B) w-: 
0x00007f09b818b370 (       8B) w-: 
0x00007ffd1bed6e00 (       8B) w-: 
0x00007f09b7d9fe78 (       8B) w-: 
0x00007f09b818b338 (       8B) w-: 
0x00007f09b818b530 (       8B) w-: 
0x00007ffd1bed6d28 (       8B) w-: 
0x00007f09b7d9fe08 (       8B) w-: 
0x00007f09b818b1b0 (       8B) w-: 
0x00007f09b818b568 (       8B) w-: 
0x00007f09b7d9fdf8 (       8B) w-: 
0x00007f09b818ad18 (       8B) w-: 
0x0000000001b70438 (       8B) w-: 
0x00007f09b818ac98 (       8B) w-: 
0x00007f09b89fcb78 (       8B) w-: 
0x00007f09b89fcb68 (       8B) w-: 
0x00007f09b818ac88 (       8B) w-: 
0x00007f09b818ac58 (       8B) w-: 
0x00007f09b818ac28 (       8B) w-: 
0x00007f09b818ac18 (       8B) w-: 
0x00007f09b89fca30 (       8B) w-: 
0x00007f09b818ac08 (       8B) w-: 
0x00007f09b89fc9c8 (       8B) w-: 
0x00007f09b818abf8 (       8B) w-: 
0x00007f09b818b5a0 (       8B) w-: 
0x00007f09b818ab68 (       8B) w-: 
0x00007f09b89fc8c8 (       8B) w-: 
0x0000000001b70a98 (       8B) w-: 
0x00007f09b89fc7c0 (       8B) w-: 
0x00007f09b89fc7b0 (       8B) w-: 
0x00007f09b818ab50 (       8B) w-: 
0x00007f09b818ab38 (       8B) w-: 
0x00007f09b818ab20 (       8B) w-: 
0x00007f09b818ab08 (       8B) w-: 
0x00007f09b89fc6e0 (       8B) w-: 
0x00007f09b89fc6c8 (       8B) w-: 
0x00007f09b89fc6b8 (       8B) w-: 
0x00007f09b89fc6a8 (       8B) w-: 
0x00007f09b89fc698 (       8B) w-: 
0x00007f09b89fc688 (       8B) w-: 
0x00007f09b89fc678 (       8B) w-: 
0x00007f09b89fc668 (       8B) w-: 
0x00007f09b89fc658 (       8B) w-: 
0x00007f09b89fc648 (       8B) w-: 
0x00007f09b89fc638 (       8B) w-: 
0x00007f09b89fc628 (       8B) w-: 
0x00007f09b89fc618 (       8B) w-: 
0x00007f09b89fc608 (       8B) w-: 
0x00007f09b89fc5f8 (       8B) w-: 
0x00007f09b89fc5e8 (       8B) w-: 
0x00007f09b818aaf0 (       8B) w-: 
0x00007f09b818aad8 (       8B) w-: 
0x00007f09b818aac0 (       8B) w-: 
0x00007f09b818aaa8 (       8B) w-: 
0x00007f09b818aa90 (       8B) w-: 
0x00007f09b89fc520 (       8B) w-: 
0x00007f09b89fc510 (       8B) w-: 
0x00007f09b818aa78 (       8B) w-: 
0x00007f09b818aa60 (       8B) w-: 
0x00007f09b89fc498 (       8B) w-: 
0x00007f09b89fc480 (       8B) w-: 
0x00007f09b818aa48 (       8B) w-: 
0x00007f09b89fc430 (       8B) w-: 
0x00007f09b818aa30 (       8B) w-: 
0x00007f09b7d9fdc8 (       8B) w-: 
0x00007f09b89fc330 (       8B) w-: 
0x00007f09b7d9fdb8 (       8B) w-: 
0x00007f09b7d9fda8 (       8B) w-: 
0x00007f09b89fc260 (       8B) w-: 
0x00007f09b818b790 (       8B) w-: 
0x00007f09b818b8d0 (       8B) w-: 
0x00007f09b818b968 (       8B) w-: 
0x0000000001b71328 (       8B) w-: 
0x00007f09b818b980 (       8B) w-: 
0x00007f09b818b9b8 (       8B) w-: 
0x00007f09b818baf0 (       8B) w-: 
0x00007f09b7d9fca8 (       8B) w-: 
0x00007f09b89fc100 (       8B) w-: 
0x00007f09b7d9fc98 (       8B) w-: 
0x00007f09b7d9fc38 (       8B) w-: 
0x00007f09b7d9fc28 (       8B) w-: 
0x0000000001b71988 (       8B) w-: 
0x00007f09b818c3f8 (       8B) w-: 
0x00007f09b818c520 (       8B) w-: 
0x0000000001b76bb8 (       8B) w-: 
0x00007f09b818c5e0 (       8B) w-: 
0x00007f09b7b29c58 (       8B) w-: 
0x0000000001b76de8 (       8B) w-: 
0x00007f09b7b299e8 (       8B) w-: 
0x00007f09b8189ae0 (       8B) w-: 
0x0000000001b76e00 (       8B) w-: 
0x00007f09b89fbd08 (       8B) w-: 
0x0000000001b76e18 (       8B) w-: 
0x00007f09b818c6c0 (       8B) w-: 
0x0000000001b76e30 (       8B) w-: 
0x00007f09b89fbba0 (       8B) w-: 
0x00007f09b89fbb58 (       8B) w-: 
0x0000000001b76e48 (       8B) w-: 
0x00007f09b89fbad0 (       8B) w-: 
0x00007f09b89fbab8 (       8B) w-: 
0x00007f09b89fba88 (       8B) w-: 
0x0000000001b76e60 (       8B) w-: 
0x00007f09b89fba10 (       8B) w-: 
0x0000000001b76e78 (       8B) w-: 
0x0000000001b7eda8 (       8B) w-: 
0x00007f09b7b29928 (       8B) w-: 
0x00007f09b75c4110 (       8B) w-: 
0x00007f09b89fb050 (       8B) w-: 
0x00007f09b75d94c0 (       8B) w-: 
0x00007f09b89faf88 (       8B) w-: 
0x00007f09b89faf38 (       8B) w-: 
0x00007f09b89faf28 (       8B) w-: 
0x00007f09b89faef8 (       8B) w-: 
0x00007f09b89faec8 (       8B) w-: 
0x00007f09b89faeb8 (       8B) w-: 
0x00007f09b89faea8 (       8B) w-: 
0x00007f09b89fae98 (       8B) w-: 
0x00007f09b89fae50 (       8B) w-: 
0x00007f09b89fad80 (       8B) w-: 
0x00007f09b89fad70 (       8B) w-: 
0x00007f09b89facf8 (       8B) w-: 
0x00007f09b7b29838 (       8B) w-: 
0x00007f09b818d7f8 (       8B) w-: 
0x00007f09b84c1e48 (       8B) w-: 
0x00007f09b818dea0 (       8B) w-: 
0x00007f09b7b29738 (       8B) w-: 
0x00007f09b7b296f0 (       8B) w-: 
0x00007f09b84c1d88 (       8B) w-: 
0x00007f09b84c1ce8 (       8B) w-: 
0x00007f09b84c1c98 (       8B) w-: 
0x00007f09b78e0de8 (       8B) w-: 
0x00007f09b84c1b98 (       8B) w-: 
0x00007f09b84c1b50 (       8B) w-: 
0x00007f09b84c1b40 (       8B) w-: 
0x00007f09b78e0df8 (       8B) w-: 
0x00007f09b78e0e08 (       8B) w-: 
0x00007f09b78e0e18 (       8B) w-: 
0x00007f09b84c1a28 (       8B) w-: 
0x00007f09b84c1a18 (       8B) w-: 
0x00007f09b78e0e48 (       8B) w-: 
0x00007f09b78e0e78 (       8B) w-: 
0x00007f09b78e0e88 (       8B) w-: 
0x00007f09b818df38 (       8B) w-: 
0x00007f09b84c1960 (       8B) w-: 
0x00007f09b78e0f18 (       8B) w-: 
0x00007f09b818df58 (       8B) w-: 
0x00007f09b7b296a0 (       8B) w-: 
0x00007f09b84c18c0 (       8B) w-: 
0x00007f09b7b29668 (       8B) w-: 
0x00007f09b84c18a0 (       8B) w-: 
0x00007f09b7b29650 (       8B) w-: 
0x00007f09b78e53d0 (       8B) w-: 
0x00007f09b78e53e0 (       8B) w-: 
0x00007f09b8190440 (       8B) w-: 
0x00007f09b84c17b0 (       8B) w-: 
0x00007f09b81879a0 (       8B) w-: 
0x00007f09b84c16b0 (       8B) w-: 
0x00007f09b81879f8 (       8B) w-: 
0x00007f09b8187a08 (       8B) w-: 
0x00007f09b84c1668 (       8B) w-: 
0x00007f09b84c1618 (       8B) w-: 
0x00007f09b84c1600 (       8B) w-: 
0x00007f09b84c15f0 (       8B) w-: 
0x00007f09b84c15e0 (       8B) w-: 
0x00007f09b8187bf8 (       8B) w-: 
0x00007f09b84c15c8 (       8B) w-: 
0x00007f09b8187ca0 (       8B) w-: 
0x00007f09b84c1598 (       8B) w-: 
0x00007f09b8187d20 (       8B) w-: 
0x00007f09b8190738 (       8B) w-: 
0x00007f09b8187eb0 (       8B) w-: 
0x00007f09b8187ec8 (       8B) w-: 
0x00007f09b8187ee0 (       8B) w-: 
0x00007f09b84c1478 (       8B) w-: 
0x00007f09b8187f48 (       8B) w-: 
0x00007f09b8187f60 (       8B) w-: 
0x00007f09b8190748 (       8B) w-: 
0x00007f09b7b29478 (       8B) w-: 
0x00007f09b84c13b8 (       8B) w-: 
0x00007f09b8188320 (       8B) w-: 
0x00007f09b8188370 (       8B) w-: 
0x00007f09b7b23e20 (       8B) w-: 
0x00007f09b7b23e30 (       8B) w-: 
0x00007f09b8188400 (       8B) w-: 
0x00007f09b7b23e40 (       8B) w-: 
0x00007f09b84c1318 (       8B) w-: 
0x00007f09b81884c0 (       8B) w-: 
0x00007f09b7b23e50 (       8B) w-: 
0x00007f09b8188540 (       8B) w-: 
0x00007f09b84c12c8 (       8B) w-: 
0x00007f09b81885a0 (       8B) w-: 
0x00007f09b7b23e80 (       8B) w-: 
0x00007f09b84c11c8 (       8B) w-: 
0x00007f09b84c1180 (       8B) w-: 
0x00007f09b7b23eb0 (       8B) w-: 
0x00007f09b7b23ec0 (       8B) w-: 
0x00007f09b84c10f8 (       8B) w-: 
0x00007f09b84c10e0 (       8B) w-: 
0x00007f09b81887e8 (       8B) w-: 
0x00007f09b7b23f30 (       8B) w-: 
0x00007f09b7b290e0 (       8B) w-: 
0x00007f09b7b290f8 (       8B) w-: 
0x00007f09b8446578 (       8B) w-: 
0x00007f09b8444e20 (       8B) w-: 
0x00007f09b7b29180 (       8B) w-: 
0x00007f09b8189158 (       8B) w-: 
0x00007f09b8189178 (       8B) w-: 
0x00007f09b8189200 (       8B) w-: 
0x00007f09b8189210 (       8B) w-: 
0x00007f09b7b291c8 (       8B) w-: 
0x00007f09b8189250 (       8B) w-: 
0x00007f09b8189260 (       8B) w-: 
0x00007f09b8189280 (       8B) w-: 
0x00007f09b7b292c8 (       8B) w-: 
0x00007f09b81892f0 (       8B) w-: 
0x00007f09b8189300 (       8B) w-: 
0x00007f09b8189320 (       8B) w-: 
0x00007f09b8189330 (       8B) w-: 
0x00007f09b8189350 (       8B) w-: 
0x00007f09b8189360 (       8B) w-: 
0x00007f09b8189370 (       8B) w-: 
0x00007f09b8189380 (       8B) w-: 
0x00007f09b8189390 (       8B) w-: 
0x00007f09b81893a0 (       8B) w-: 
0x00007f09b81893b0 (       8B) w-: 
0x00007f09b8444e30 (       8B) w-: 
0x00007f09b8444f68 (       8B) w-: 
0x00007f09b8444f00 (       8B) w-: 
0x00007f09b81894c8 (       8B) w-: 
0x00007f09b81894d8 (       8B) w-: 
0x00007f09b8444eb0 (       8B) w-: 
0x00007f09b8444ea0 (       8B) w-: 
0x00007f09b8444e70 (       8B) w-: 
0x00007f09b8444e40 (       8B) w-: 
0x000000000061f118 (       5B) w-: 
0x00007f09b8446570 (       4B) w-: 
0x00007f09b7b293dc (       4B) w-: 
0x00007f09b84c13cc (       4B) w-: 
0x00007f09b84c13dc (       4B) w-: 
0x00007f09b84c1488 (       4B) w-: 
0x00007f09b7b29488 (       4B) w-: 
0x00007f09b78e5424 (       4B) w-: 
0x00007f09b78e53a4 (       4B) w-: 
0x00007f09b84c18b4 (       4B) w-: 
0x00007f09b78e52c0 (       4B) w-: 
0x00007f09b818e7e0 (       4B) w-: 
0x00007f09b78e1298 (       4B) w-: 
0x00007f09b84c1970 (       4B) w-: 
0x00007f09b84c1d9c (       4B) w-: 
0x00007f09b84c1da4 (       4B) w-: 
0x00007f09b84c1dac (       4B) w-: 
0x00007f09b84c1e58 (       4B) w-: 
0x00007f09b89face4 (       4B) w-: 
0x00007f09b89fb974 (       4B) w-: 
0x00007f09b818d050 (       4B) w-: 
0x00007f09b7b2993c (       4B) w-: 
0x00007f09b818c6e0 (       4B) w-: 
0x00007f09b7b293cc (       4B) w-: 
0x00007f09b89fbda4 (       4B) w-: 
0x00007f09b89fbdb4 (       4B) w-: 
0x00007f09b7b299f8 (       4B) w-: 
0x000000000061f134 (       4B) w-: 
0x0000000001b76d32 (       4B) w-: 
0x00007f09b818c540 (       4B) w-: 
0x0000000001b71a58 (       4B) w-: 
0x0000000001b71a50 (       4B) w-: 
0x0000000001b71980 (       4B) w-: 
0x0000000001b71968 (       4B) w-: 
0x0000000001b71960 (       4B) w-: 
0x00007f09b89fc120 (       4B) w-: 
0x00007f09b89fc140 (       4B) w-: 
0x0000000001b71958 (       4B) w-: 
0x00007f09b818b9a0 (       4B) w-: 
0x0000000001b71740 (       4B) w-: 
0x0000000001b71320 (       4B) w-: 
0x0000000001b71228 (       4B) w-: 
0x0000000001b711d8 (       4B) w-: 
0x0000000001b711d0 (       4B) w-: 
0x0000000001b711c8 (       4B) w-: 
0x0000000001b711c0 (       4B) w-: 
0x0000000001b711b8 (       4B) w-: 
0x0000000001b711b0 (       4B) w-: 
0x0000000001b711a8 (       4B) w-: 
0x0000000001b711a0 (       4B) w-: 
0x00007f09b89fc534 (       4B) w-: 
0x00007f09b89fc544 (       4B) w-: 
0x0000000001b71198 (       4B) w-: 
0x0000000001b71190 (       4B) w-: 
0x0000000001b71088 (       4B) w-: 
0x00007f09b89fc6f0 (       4B) w-: 
0x0000000001b71080 (       4B) w-: 
0x0000000001b70b68 (       4B) w-: 
0x0000000001b70b60 (       4B) w-: 
0x0000000001b70a90 (       4B) w-: 
0x00007f09b89fc9b0 (       4B) w-: 
0x0000000001b70a78 (       4B) w-: 
0x0000000001b70a70 (       4B) w-: 
0x0000000001b70a68 (       4B) w-: 
0x0000000001b70850 (       4B) w-: 
0x00007f09b89fcacc (       4B) w-: 
0x00007f09b89fcadc (       4B) w-: 
0x00007f09b89fcb88 (       4B) w-: 
0x0000000001b70430 (       4B) w-: 
0x0000000001b70328 (       4B) w-: 
0x0000000001b702d8 (       4B) w-: 
0x00007f09b818b144 (       4B) w-: 
0x0000000001b702d0 (       4B) w-: 
0x0000000001b702c8 (       4B) w-: 
0x00007f09b818b204 (       4B) w-: 
0x0000000001b702b0 (       4B) w-: 
0x0000000001b702a8 (       4B) w-: 
0x0000000001b702a0 (       4B) w-: 
0x0000000001b70298 (       4B) w-: 
0x0000000001b70290 (       4B) w-: 
0x0000000001b70188 (       4B) w-: 
0x0000000001b70180 (       4B) w-: 
0x0000000001b76d4a (       3B) w-: 
0x00007f09b89fbc88 (       2B) w-: 
0x000000000061f115 (       2B) w-: 
0x000000000061f0c0 (       2B) w-: 
0x00007f09b7de731b (       1B) -x: 
0x00007f09b7de730b (       1B) -x: 
0x00007f09b7de7570 (       1B) -x: 
0x00007f09b7de72d0 (       1B) -x: 
0x00007f09b7de75b0 (       1B) -x: 
0x00007f09b7de6856 (       1B) -x: 
0x00007f09b7de7679 (       1B) -x: 
0x00007f09b7de76a5 (       1B) -x: 
0x00007f09b7de76c7 (       1B) -x: 
0x00007f09b7de76cc (       1B) -x: 
0x00007f09b7de7750 (       1B) -x: 
0x00007f09b7de77a3 (       1B) -x: 
0x00007f09b7de77cf (       1B) -x: 
0x00007f09b7de77f8 (       1B) -x: 
0x00007f09b7de7840 (       1B) -x: 
0x00007f09b7de7bf0 (       1B) -x: 
0x00007f09b7df1a5c (       1B) -x: 
0x00007f09b7df1a92 (       1B) -x: 
0x00007f09b7df1aae (       1B) -x: 
0x00007f09b7df1be5 (       1B) -x: 
0x00007f09b7df1bf4 (       1B) -x: 
0x00007f09b7df1c30 (       1B) -x: 
0x00007f09b7df1cbe (       1B) -x: 
0x00007f09b7df1d27 (       1B) -x: 
0x00007f09b7df1e2b (       1B) -x: 
0x00007f09b7df1e3b (       1B) -x: 
0x00007f09b7df21cc (       1B) -x: 
0x00007f09b7df220f (       1B) -x: 
0x00007f09b7b81624 (       1B) -x: 
0x00007f09b7b32800 (       1B) -x: 
0x00007f09b7df221f (       1B) -x: 
0x00007f09b7df22b8 (       1B) -x: 
0x00007f09b7b327e8 (       1B) -x: 
0x00007f09b7b327e3 (       1B) -x: 
0x00007f09b7b327c0 (       1B) -x: 
0x00007f09b7df22c2 (       1B) -x: 
0x00007f09b7b32448 (       1B) -x: 
0x00007f09b7df2352 (       1B) -x: 
0x00007f09b7df23aa (       1B) -x: 
0x00007f09b7df2435 (       1B) -x: 
0x00007f09b7df25b0 (       1B) -x: 
0x00007f09b7df25c6 (       1B) -x: 
0x00007f09b7df25f8 (       1B) -x: 
0x00007f09b7df263c (       1B) -x: 
0x00007f09b7df2668 (       1B) -x: 
0x00007f09b7df2682 (       1B) -x: 
0x00007f09b7df26c7 (       1B) -x: 
0x00007f09b7df2702 (       1B) -x: 
0x00007f09b7df2b0a (       1B) -x: 
0x00007f09b7df2ded (       1B) -x: 
0x00007f09b7df2e60 (       1B) -x: 
0x00007f09b7df2ee0 (       1B) -x: 
0x00007f09b7df2ef0 (       1B) -x: 
0x00007f09b7df2f00 (       1B) -x: 
0x00007f09b7df2f10 (       1B) -x: 
0x00007f09b7df2f20 (       1B) -x: 
0x00007f09b7df2f30 (       1B) -x: 
0x00007f09b7df2f40 (       1B) -x: 
0x00007f09b7df2f50 (       1B) -x: 
0x00007f09b7df2f60 (       1B) -x: 
0x00007f09b822b380 (       1B) -x: 
0x00007f09b822b3c6 (       1B) -x: 
0x00007f09b822b3f6 (       1B) -x: 
0x00007f09b822b4e6 (       1B) -x: 
0x00007f09b822b5b6 (       1B) -x: 
0x00007f09b822b6f6 (       1B) -x: 
0x00007f09b822b746 (       1B) -x: 
0x00007f09b822b816 (       1B) -x: 
0x00007f09b822b986 (       1B) -x: 
0x00007f09b822ba26 (       1B) -x: 
0x00007f09b822bab0 (       1B) -x: 
0x00007f09b822bad0 (       1B) -x: 
0x00007f09b822baf0 (       1B) -x: 
0x00007f09b822bb0c (       1B) -x: 
0x00007f09b822bb25 (       1B) -x: 
0x00007f09b822bb40 (       1B) -x: 
0x00007f09b822bb50 (       1B) -x: 
0x00007f09b822bb60 (       1B) -x: 
0x00007f09b822bb80 (       1B) -x: 
0x00007f09b822bbd5 (       1B) -x: 
0x00007f09b822bbe5 (       1B) -x: 
0x00007f09b822bc50 (       1B) -x: 
0x00007f09b822bc78 (       1B) -x: 
0x00007f09b822bcc3 (       1B) -x: 
0x00007f09b822bcd3 (       1B) -x: 
0x00007f09b822bcdc (       1B) -x: 
0x00007f09b822bcea (       1B) -x: 
0x00007f09b822be60 (       1B) -x: 
0x00007f09b822be83 (       1B) -x: 
0x00007f09b822be88 (       1B) -x: 
0x00007f09b822bea0 (       1B) -x: 
0x00007f09b82309b6 (       1B) -x: 
0x00007f09b82309d5 (       1B) -x: 
0x00007f09b82309ef (       1B) -x: 
0x00007f09b8230a07 (       1B) -x: 
0x00007f09b8230a1d (       1B) -x: 
0x00007f09b8230a25 (       1B) -x: 
0x00007f09b823e29c (       1B) -x: 
0x00007f09b7df2f70 (       1B) -x: 
0x00007f09b7df340a (       1B) -x: 
0x00007f09b7df3444 (       1B) -x: 
0x00007f09b7df347d (       1B) -x: 
0x00007f09b7df34b2 (       1B) -x: 
0x00007f09b7df3586 (       1B) -x: 
0x00007f09b7df361b (       1B) -x: 
0x00007f09b7df3630 (       1B) -x: 
0x00007f09b7df368c (       1B) -x: 
0x00007f09b7df3704 (       1B) -x: 
0x00007f09b7df371c (       1B) -x: 
0x00007f09b7e341e5 (       1B) -x: 
0x00007f09b7df3732 (       1B) -x: 
0x00007f09b7df3745 (       1B) -x: 
0x00007f09b7df3754 (       1B) -x: 
0x00007f09b7df378c (       1B) -x: 
0x00007f09b7df379a (       1B) -x: 
0x00007f09b7df37b3 (       1B) -x: 
0x00007f09b7df37bb (       1B) -x: 
0x00007f09b7df380d (       1B) -x: 
0x00007f09b7df3837 (       1B) -x: 
0x00007f09b7df3b70 (       1B) -x: 
0x00007f09b7df4920 (       1B) -x: 
0x00007f09b7df51b0 (       1B) -x: 
0x00007f09b7df52b5 (       1B) -x: 
0x00007f09b7df52d4 (       1B) -x: 
0x00007f09b7df52e0 (       1B) -x: 
0x00007f09b7df52fc (       1B) -x: 
0x00007f09b7df5307 (       1B) -x: 
0x00007f09b7df538d (       1B) -x: 
0x00007f09b7df9630 (       1B) -x: 
0x00007f09b7df96b6 (       1B) -x: 
0x00007f09b7e341b5 (       1B) -x: 
0x00007f09b7df96cf (       1B) -x: 
0x00007f09b7df96de (       1B) -x: 
0x00007f09b7df9715 (       1B) -x: 
0x00007f09b7922990 (       1B) -x: 
0x00007f09b7922980 (       1B) -x: 
0x00007f09b7921e80 (       1B) -x: 
0x00007f09b7df9728 (       1B) -x: 
0x00007f09b7df9d7a (       1B) -x: 
0x00007f09b7921e68 (       1B) -x: 
0x00007f09b7921e63 (       1B) -x: 
0x00007f09b7921e40 (       1B) -x: 
0x00007f09b7dfc260 (       1B) -x: 
0x00007f09b7e00780 (       1B) -x: 
0x00007f09b7e00796 (       1B) -x: 
0x00007f09b7e00842 (       1B) -x: 
0x00007f09b7e00f37 (       1B) -x: 
0x00007f09b7e00fab (       1B) -x: 
0x00007f09b7921da0 (       1B) -x: 
0x00007f09b7e01008 (       1B) -x: 
0x00007f09b7e01290 (       1B) -x: 
0x00007f09b7921ca0 (       1B) -x: 
0x00007f09b7e012a9 (       1B) -x: 
0x00007f09b7e012e0 (       1B) -x: 
0x00007f09b7e34190 (       1B) -x: 
0x00007f09b7f14fa0 (       1B) -x: 
0x00007f09b7f0aee5 (       1B) -x: 
0x00007f09b7f0ae60 (       1B) -x: 
0x00007f09b7f0a48b (       1B) -x: 
0x00007f09b7f0a30b (       1B) -x: 
0x00007f09b7f0a303 (       1B) -x: 
0x00007f09b7edd310 (       1B) -x: 
0x00007f09b7edc2c9 (       1B) -x: 
0x00007f09b7edc2b0 (       1B) -x: 
0x00007f09b7ece3b3 (       1B) -x: 
0x00007f09b7ec4040 (       1B) -x: 
0x00007f09b7ec3ff9 (       1B) -x: 
0x00007f09b7ec3fdf (       1B) -x: 
0x00007f09b7ec3a60 (       1B) -x: 
0x00007f09b7ec37f2 (       1B) -x: 
0x00007f09b7ebfa5c (       1B) -x: 
0x00007f09b7ebfa50 (       1B) -x: 
0x00007f09b7ebdee0 (       1B) -x: 
0x00007f09b7eb17ee (       1B) -x: 
0x00007f09b7eb17e0 (       1B) -x: 
0x00007f09b7eb1771 (       1B) -x: 
0x00007f09b7eb044c (       1B) -x: 
0x00007f09b7e9531b (       1B) -x: 
0x00007f09b76dbad4 (       1B) -x: 
0x00007f09b7e95316 (       1B) -x: 
0x00007f09b76db7e0 (       1B) -x: 
0x00007f09b76d8e50 (       1B) -x: 
0x00007f09b76d8de0 (       1B) -x: 
0x00007f09b7e94ff0 (       1B) -x: 
0x00007f09b7e8f9a6 (       1B) -x: 
0x00007f09b7e8f990 (       1B) -x: 
0x00007f09b7e8f531 (       1B) -x: 
0x00007f09b76d5eb0 (       1B) -x: 
0x00007f09b76d5810 (       1B) -x: 
0x00007f09b76d44c0 (       1B) -x: 
0x00007f09b7e8f4a0 (       1B) -x: 
0x00007f09b7e8f44d (       1B) -x: 
0x00007f09b76d2d40 (       1B) -x: 
0x00007f09b76cf041 (       1B) -x: 
0x00007f09b76cefa9 (       1B) -x: 
0x00007f09b87d5af1 (       1B) -x: 
0x00007f09b87d5b8b (       1B) -x: 
0x00007f09b87d5b90 (       1B) -x: 
0x00007f09b87d5c30 (       1B) -x: 
0x00007f09b87d5c38 (       1B) -x: 
0x00007f09b87d5c6a (       1B) -x: 
0x00007f09b87d5c80 (       1B) -x: 
0x00007f09b87d5c90 (       1B) -x: 
0x00007f09b87d5ca0 (       1B) -x: 
0x00007f09b87d6970 (       1B) -x: 
0x00007f09b87d6988 (       1B) -x: 
0x00007f09b87d6bca (       1B) -x: 
0x00007f09b87d6c2a (       1B) -x: 
0x00007f09b87d6e03 (       1B) -x: 
0x00007f09b87d71e0 (       1B) -x: 
0x00007f09b87d72b0 (       1B) -x: 
0x00007f09b87d765b (       1B) -x: 
0x00007f09b87d7694 (       1B) -x: 
0x00007f09b87d7838 (       1B) -x: 
0x00007f09b87d7a5a (       1B) -x: 
0x00007f09b87d7a91 (       1B) -x: 
0x00007f09b87d7e8a (       1B) -x: 
0x00007f09b87d7ed8 (       1B) -x: 
0x00007f09b87d7ee4 (       1B) -x: 
0x00007f09b87d7f00 (       1B) -x: 
0x00007f09b87d7f1e (       1B) -x: 
0x00007f09b87d7f60 (       1B) -x: 
0x00007f09b87d8802 (       1B) -x: 
0x00007f09b87d8810 (       1B) -x: 
0x00007f09b87d8942 (       1B) -x: 
0x00007f09b87d8976 (       1B) -x: 
0x00007f09b87d89eb (       1B) -x: 
0x00007f09b87d8a35 (       1B) -x: 
0x00007f09b87d8c72 (       1B) -x: 
0x00007f09b87d8c8e (       1B) -x: 
0x00007f09b87d8feb (       1B) -x: 
0x00007f09b87d9069 (       1B) -x: 
0x00007f09b87d90d9 (       1B) -x: 
0x00007f09b87d90fa (       1B) -x: 
0x00007f09b87d9111 (       1B) -x: 
0x00007f09b87d9120 (       1B) -x: 
0x00007f09b87d9126 (       1B) -x: 
0x00007f09b87d913d (       1B) -x: 
0x00007f09b87da797 (       1B) -x: 
0x00007f09b87da7db (       1B) -x: 
0x00007f09b87da812 (       1B) -x: 
0x00007f09b87da83b (       1B) -x: 
0x00007f09b87da964 (       1B) -x: 
0x00007f09b87dabbd (       1B) -x: 
0x00007f09b87db3a7 (       1B) -x: 
0x00007f09b87db3c2 (       1B) -x: 
0x00007f09b87db53d (       1B) -x: 
0x00007f09b87db81f (       1B) -x: 
0x00007f09b87db8fd (       1B) -x: 
0x00007f09b87dba11 (       1B) -x: 
0x00007f09b87dbe58 (       1B) -x: 
0x00007f09b87dbe99 (       1B) -x: 
0x00007f09b87dbf58 (       1B) -x: 
0x00007f09b87dc198 (       1B) -x: 
0x00007f09b87dc291 (       1B) -x: 
0x00007f09b87dc365 (       1B) -x: 
0x00007f09b87dd546 (       1B) -x: 
0x00007f09b87dd557 (       1B) -x: 
0x00007f09b87dd5a2 (       1B) -x: 
0x00007f09b87dd628 (       1B) -x: 
0x00007f09b87dda9d (       1B) -x: 
0x00007f09b87ddacf (       1B) -x: 
0x00007f09b87ddba4 (       1B) -x: 
0x00007f09b87ddc57 (       1B) -x: 
0x00007f09b87ddd67 (       1B) -x: 
0x00007f09b87de199 (       1B) -x: 
0x00007f09b87de1e6 (       1B) -x: 
0x00007f09b87ded70 (       1B) -x: 
0x00007f09b87dee44 (       1B) -x: 
0x00007f09b87df011 (       1B) -x: 
0x00007f09b87df67b (       1B) -x: 
0x00007f09b87dfa00 (       1B) -x: 
0x00007f09b87dfb4f (       1B) -x: 
0x00007f09b87e0b47 (       1B) -x: 
0x00007f09b87e0bee (       1B) -x: 
0x00007f09b87e0c26 (       1B) -x: 
0x00007f09b87e0c60 (       1B) -x: 
0x00007f09b87e0d8e (       1B) -x: 
0x00007f09b87e0ec8 (       1B) -x: 
0x00007f09b87e0f24 (       1B) -x: 
0x00007f09b87e1580 (       1B) -x: 
0x00007f09b87e17cd (       1B) -x: 
0x00007f09b87e18d8 (       1B) -x: 
0x00007f09b87e1b98 (       1B) -x: 
0x00007f09b87e1bf0 (       1B) -x: 
0x00007f09b87e1c40 (       1B) -x: 
0x00007f09b87e1c6c (       1B) -x: 
0x00007f09b87e1d08 (       1B) -x: 
0x00007f09b87e1dd0 (       1B) -x: 
0x00007f09b87e2bb0 (       1B) -x: 
0x00007f09b87e2be2 (       1B) -x: 
0x00007f09b87e31ed (       1B) -x: 
0x00007f09b87e3222 (       1B) -x: 
0x00007f09b87e340b (       1B) -x: 
0x00007f09b87e3431 (       1B) -x: 
0x00007f09b87e3444 (       1B) -x: 
0x00007f09b87e3777 (       1B) -x: 
0x00007f09b87e39b8 (       1B) -x: 
0x00007f09b87e3a7f (       1B) -x: 
0x00007f09b87e3ad8 (       1B) -x: 
0x00007f09b87e3b3e (       1B) -x: 
0x00007f09b87e4024 (       1B) -x: 
0x00007f09b87e44cc (       1B) -x: 
0x00007f09b87e463f (       1B) -x: 
0x00007f09b87e495e (       1B) -x: 
0x00007f09b87e4972 (       1B) -x: 
0x00007f09b87e4981 (       1B) -x: 
0x00007f09b87e4995 (       1B) -x: 
0x00007f09b87e4b06 (       1B) -x: 
0x00007f09b87e4bd2 (       1B) -x: 
0x00007f09b87e5570 (       1B) -x: 
0x00007f09b87e5591 (       1B) -x: 
0x00007f09b87e55a4 (       1B) -x: 
0x00007f09b87e561d (       1B) -x: 
0x00007f09b87e563e (       1B) -x: 
0x00007f09b87e56ba (       1B) -x: 
0x00007f09b87e56fa (       1B) -x: 
0x00007f09b87e580b (       1B) -x: 
0x00007f09b87e5875 (       1B) -x: 
0x00007f09b87e5af0 (       1B) -x: 
0x00007f09b87e5b74 (       1B) -x: 
0x00007f09b87e5c7a (       1B) -x: 
0x00007f09b87e5cb1 (       1B) -x: 
0x00007f09b87e5d54 (       1B) -x: 
0x00007f09b87e5da4 (       1B) -x: 
0x00007f09b87e5e27 (       1B) -x: 
0x00007f09b87e5e45 (       1B) -x: 
0x00007f09b87e5f35 (       1B) -x: 
0x00007f09b87e6756 (       1B) -x: 
0x00007f09b87e676b (       1B) -x: 
0x00007f09b87e678b (       1B) -x: 
0x00007f09b87e67b5 (       1B) -x: 
0x00007f09b87e69d5 (       1B) -x: 
0x00007f09b87e6a04 (       1B) -x: 
0x00007f09b87e6c11 (       1B) -x: 
0x00007f09b87e6f20 (       1B) -x: 
0x00007f09b87e6fa0 (       1B) -x: 
0x00007f09b87e70fe (       1B) -x: 
0x00007f09b87e7354 (       1B) -x: 
0x00007f09b87e8580 (       1B) -x: 
0x00007f09b87e85ba (       1B) -x: 
0x00007f09b87e8611 (       1B) -x: 
0x00007f09b87e8790 (       1B) -x: 
0x00007f09b87e879d (       1B) -x: 
0x00007f09b87e9c30 (       1B) -x: 
0x00007f09b87ecf10 (       1B) -x: 
0x00007f09b87ecf8a (       1B) -x: 
0x00007f09b87ed132 (       1B) -x: 
0x00007f09b87ed1ad (       1B) -x: 
0x00007f09b87ed247 (       1B) -x: 
0x00007f09b87ed348 (       1B) -x: 
0x00007f09b87ed37a (       1B) -x: 
0x00007f09b87ed3c6 (       1B) -x: 
0x00007f09b87ed5f4 (       1B) -x: 
0x00007f09b87ed617 (       1B) -x: 
0x00007f09b87ed61f (       1B) -x: 
0x00007f09b87ed928 (       1B) -x: 
0x00007f09b87ee6d0 (       1B) -x: 
0x00007f09b87ee6e0 (       1B) -x: 
0x00007f09b87ee7a8 (       1B) -x: 
0x00007f09b87ee7c0 (       1B) -x: 
0x00007f09b87ee7e8 (       1B) -x: 
0x00007f09b87ee800 (       1B) -x: 
0x00007f09b87ee818 (       1B) -x: 
0x00007f09b87ee830 (       1B) -x: 
0x00007f09b87ee840 (       1B) -x: 
0x00007f09b87ee850 (       1B) -x: 
0x00007f09b87ee860 (       1B) -x: 
0x00007f09b87ee873 (       1B) -x: 
0x00007f09b87ee894 (       1B) -x: 
0x00007f09b87ee8a5 (       1B) -x: 
0x00007f09b87ee8b3 (       1B) -x: 
0x00007f09b87ee8dd (       1B) -x: 
0x00007f09b87eeb9f (       1B) -x: 
0x00007f09b87eed70 (       1B) -x: 
0x00007f09b87eedee (       1B) -x: 
0x00007f09b87eee70 (       1B) -x: 
0x00007f09b87eee80 (       1B) -x: 
0x00007f09b87f0be0 (       1B) -x: 
0x00007f09b87f0d20 (       1B) -x: 
0x00007f09b87f0e60 (       1B) -x: 
0x00007f09b87f0fa0 (       1B) -x: 
0x00007f09b87f10e0 (       1B) -x: 
0x00007f09b87f1220 (       1B) -x: 
0x00007f09b87f1360 (       1B) -x: 
0x00007f09b87f14a0 (       1B) -x: 
0x00007f09b87f15e0 (       1B) -x: 
0x00007f09b87f1720 (       1B) -x: 
0x00007f09b87f1860 (       1B) -x: 
0x00007f09b87f19a0 (       1B) -x: 
0x00007f09b87f1ae0 (       1B) -x: 
0x00007f09b87f1c20 (       1B) -x: 
0x00007f09b87f1d60 (       1B) -x: 
0x00007f09b87f1efe (       1B) -x: 
0x00007f09b87f1f0a (       1B) -x: 
0x00007f09b87f2b9f (       1B) -x: 
0x00007f09b87f30f0 (       1B) -x: 
0x00007f09b87f3120 (       1B) -x: 
0x00007f09b76cef99 (       1B) -x: 
0x00007f09b76ceed1 (       1B) -x: 
0x00007f09b76cee7e (       1B) -x: 
0x00007f09b76cee47 (       1B) -x: 
0x00007f09b76cee21 (       1B) -x: 
0x00007f09b7e8f440 (       1B) -x: 
0x00007f09b7e8f23a (       1B) -x: 
0x00007f09b76ceb00 (       1B) -x: 
0x00007f09b76ceae8 (       1B) -x: 
0x00007f09b7e8f206 (       1B) -x: 
0x00007f09b7e8f1c0 (       1B) -x: 
0x00007f09b76ceae3 (       1B) -x: 
0x00007f09b76ceac0 (       1B) -x: 
0x00007f09b76ce976 (       1B) -x: 
0x00007f09b76ce876 (       1B) -x: 
0x00007f09b7e83557 (       1B) -x: 
0x00007f09b76ce5d6 (       1B) -x: 
0x00007f09b7e834e0 (       1B) -x: 
0x00007f09b7e83477 (       1B) -x: 
0x00007f09b7e83400 (       1B) -x: 
0x00007f09b7e71b45 (       1B) -x: 
0x00007f09b7e71b2d (       1B) -x: 
0x00007f09b7e710f0 (       1B) -x: 
0x00007f09b7e5d223 (       1B) -x: 
0x00007f09b7e5b470 (       1B) -x: 
0x00007f09b76ce589 (       1B) -x: 
0x00007f09b76ce580 (       1B) -x: 
0x00007f09b7e58d70 (       1B) -x: 
0x00007f09b7e56a80 (       1B) -x: 
0x00007f09b7e56230 (       1B) -x: 
0x00007f09b7e561cb (       1B) -x: 
0x00007f09b7e56179 (       1B) -x: 
0x00007f09b7e55c30 (       1B) -x: 
0x00007f09b7e556b0 (       1B) -x: 
0x00007f09b7e54b00 (       1B) -x: 
0x00007f09b7e54770 (       1B) -x: 
0x00007f09b7e54480 (       1B) -x: 
0x00007f09b7e54270 (       1B) -x: 
0x00007f09b7e540f0 (       1B) -x: 
0x00007f09b7e53f70 (       1B) -x: 
0x00007f09b7e53df0 (       1B) -x: 
0x00007f09b7e53c70 (       1B) -x: 
0x00007f09b7e53af0 (       1B) -x: 
0x00007f09b7e537f0 (       1B) -x: 
0x00007f09b89fbcee (       1B) w-: 
0x00007f09b7e53670 (       1B) -x: 
0x00007f09b7e534f0 (       1B) -x: 
0x00007f09b7e53370 (       1B) -x: 
0x00007f09b7e53070 (       1B) -x: 
0x00007f09b7e52ba0 (       1B) -x: 
0x00007f09b7e527a0 (       1B) -x: 
0x00007f09b7e5250a (       1B) -x: 
0x00007f09b7e524fe (       1B) -x: 
0x00007f09b7e52300 (       1B) -x: 
0x00007f09b7e521d0 (       1B) -x: 
0x00007f09b7e52040 (       1B) -x: 
0x00007f09b7e51f00 (       1B) -x: 
0x00007f09b7e51dc0 (       1B) -x: 
0x00007f09b7e51b40 (       1B) -x: 
0x00007f09b7e50d50 (       1B) -x: 
0x00007f09b7e50b00 (       1B) -x: 
0x00007f09b7e4e949 (       1B) -x: 
0x00007f09b7e4e940 (       1B) -x: 
0x00007f09b7e4ce18 (       1B) -x: 
0x00007f09b7e4ca70 (       1B) -x: 
0x00007f09b7e4ca1d (       1B) -x: 
0x00007f09b7e4c908 (       1B) -x: 
0x00007f09b7e4c8a0 (       1B) -x: 
0x00007f09b7e4c636 (       1B) -x: 
0x00007f09b7e4b95f (       1B) -x: 
0x00007f09b7e4b710 (       1B) -x: 
0x00007f09b7e4b58c (       1B) -x: 
0x00007f09b7e4b540 (       1B) -x: 
0x00007f09b7e4b1d4 (       1B) -x: 
0x00007f09b7e4b180 (       1B) -x: 
0x00007f09b7e49763 (       1B) -x: 
0x00007f09b89fc47e (       1B) w-: 
0x00007f09b7e48d0c (       1B) -x: 
0x00007f09b7e4887b (       1B) -x: 
0x00007f09b7e48645 (       1B) -x: 
0x00007f09b7e479cc (       1B) -x: 
0x00007f09b7e47688 (       1B) -x: 
0x00007f09b7e4333a (       1B) -x: 
0x00007f09b7e43320 (       1B) -x: 
0x00007f09b7e42b5b (       1B) -x: 
0x00007f09b7e426c0 (       1B) -x: 
0x00007f09b7e425a4 (       1B) -x: 
0x00007f09b7e4255b (       1B) -x: 
0x00007f09b7e42230 (       1B) -x: 
0x00007f09b7e41f2b (       1B) -x: 
0x00007f09b7e41ec2 (       1B) -x: 
0x00007f09b7e41c9b (       1B) -x: 
0x00007f09b7e41c52 (       1B) -x: 
0x00007f09b7e41908 (       1B) -x: 
0x00007f09b7e4182b (       1B) -x: 
0x00007f09b7e41740 (       1B) -x: 
0x00007f09b7e416ac (       1B) -x: 
0x00007f09b7e415f8 (       1B) -x: 
0x00007f09b7e415c8 (       1B) -x: 
0x00007f09b7e414b0 (       1B) -x: 
0x00007f09b7e41419 (       1B) -x: 
0x00007f09b7e40d62 (       1B) -x: 
0x00007f09b7e40d45 (       1B) -x: 
0x00007f09b7e40ade (       1B) -x: 
0x00007f09b7e40aac (       1B) -x: 
0x00007f09b89fc6f8 (       1B) w-: 
0x00007f09b7e409d0 (       1B) -x: 
0x00007f09b7e409c0 (       1B) -x: 
0x00007f09b7e40970 (       1B) -x: 
0x00007f09b7e40936 (       1B) -x: 
0x00007f09b7e408fe (       1B) -x: 
0x00007f09b7e40882 (       1B) -x: 
0x00007f09b7e40842 (       1B) -x: 
0x00007f09b7e402d7 (       1B) -x: 
0x00007f09b7e4029d (       1B) -x: 
0x00007f09b7e40252 (       1B) -x: 
0x00007f09b7e401f0 (       1B) -x: 
0x00007f09b7e401b0 (       1B) -x: 
0x00007f09b7e3fc0f (       1B) -x: 
0x00007f09b7e3fb80 (       1B) -x: 
0x00007f09b7e3fb70 (       1B) -x: 
0x00007f09b7e3f380 (       1B) -x: 
0x00007f09b7e3f350 (       1B) -x: 
0x00007f09b7e3f20a (       1B) -x: 
0x00007f09b7e3f1b0 (       1B) -x: 
0x00007f09b7e3e4f0 (       1B) -x: 
0x00007f09b89fcb90 (       1B) w-: 
0x00007f09b7e3e4c0 (       1B) -x: 
0x00007f09b7e3e3e0 (       1B) -x: 
0x00007f09b7e3cae0 (       1B) -x: 
0x00007f09b7e35b38 (       1B) -x: 
0x00007f09b7e35aa8 (       1B) -x: 
0x00007f09b7e35a68 (       1B) -x: 
0x00007f09b7e359f8 (       1B) -x: 
0x00007f09b7e358c0 (       1B) -x: 
0x00007f09b7e34d80 (       1B) -x: 
0x00007f09b7e34d44 (       1B) -x: 
0x00007f09b7e34d33 (       1B) -x: 
0x00007f09b7e34d1d (       1B) -x: 
0x00007f09b7e34ced (       1B) -x: 
0x00007f09b7e3482f (       1B) -x: 
0x00007f09b7e347b0 (       1B) -x: 
0x00007f09b7e343ff (       1B) -x: 
0x00007f09b7e34385 (       1B) -x: 
0x00007f09b7e34373 (       1B) -x: 
0x00007f09b7e342af (       1B) -x: 
0x00007f09b7e34270 (       1B) -x: 
0x00007f09b7e34203 (       1B) -x: 
0x00007ffd1bed9ffc (       1B) w-: 
------- unpacking complete -------
